E:\WORKSPACE\GITREPO\TRUNK\TRUNK\IOCPFW\DEBUG\IOCPFW.EXE
E:\WORKSPACE\GITREPO\TRUNK\TRUNK\IOCPFW\DEBUG\IOCPFW.ILK
E:\WORKSPACE\GITREPO\TRUNK\TRUNK\IOCPFW\DEBUG\IOCPFW.PDB
E:\WORKSPACE\GITREPO\TRUNK\TRUNK\IOCPFW\IOCPFW\DEBUG\ACCEPTOR.OBJ
E:\WORKSPACE\GITREPO\TRUNK\TRUNK\IOCPFW\IOCPFW\DEBUG\ANONYMOUSPIPE.OBJ
E:\WORKSPACE\GITREPO\TRUNK\TRUNK\IOCPFW\IOCPFW\DEBUG\ASYNCSOCKET.OBJ
E:\WORKSPACE\GITREPO\TRUNK\TRUNK\IOCPFW\IOCPFW\DEBUG\BITARRAY.OBJ
E:\WORKSPACE\GITREPO\TRUNK\TRUNK\IOCPFW\IOCPFW\DEBUG\BYTETOOLS.OBJ
E:\workspace\gitrepo\trunk\trunk\iocpfw\iocpfw\Debug\cl.command.1.tlog
E:\workspace\gitrepo\trunk\trunk\iocpfw\iocpfw\Debug\CL.read.1.tlog
E:\workspace\gitrepo\trunk\trunk\iocpfw\iocpfw\Debug\CL.write.1.tlog
E:\WORKSPACE\GITREPO\TRUNK\TRUNK\IOCPFW\IOCPFW\DEBUG\COMMON.OBJ
E:\WORKSPACE\GITREPO\TRUNK\TRUNK\IOCPFW\IOCPFW\DEBUG\COMMON2.OBJ
E:\WORKSPACE\GITREPO\TRUNK\TRUNK\IOCPFW\IOCPFW\DEBUG\COMMUNICATIONINFORMATION.OBJ
E:\WORKSPACE\GITREPO\TRUNK\TRUNK\IOCPFW\IOCPFW\DEBUG\COMMUNICATIONSESSION.OBJ
E:\WORKSPACE\GITREPO\TRUNK\TRUNK\IOCPFW\IOCPFW\DEBUG\CRTTHREADEX.OBJ
E:\WORKSPACE\GITREPO\TRUNK\TRUNK\IOCPFW\IOCPFW\DEBUG\EVENT.OBJ
E:\WORKSPACE\GITREPO\TRUNK\TRUNK\IOCPFW\IOCPFW\DEBUG\EVENTLOOP.OBJ
E:\WORKSPACE\GITREPO\TRUNK\TRUNK\IOCPFW\IOCPFW\DEBUG\HEXBUFFER.OBJ
E:\WORKSPACE\GITREPO\TRUNK\TRUNK\IOCPFW\IOCPFW\DEBUG\IMUTEX.OBJ
E:\WORKSPACE\GITREPO\TRUNK\TRUNK\IOCPFW\IOCPFW\DEBUG\IOBUFFERMANAGER.OBJ
E:\WORKSPACE\GITREPO\TRUNK\TRUNK\IOCPFW\IOCPFW\DEBUG\IOCP.OBJ
E:\WORKSPACE\GITREPO\TRUNK\TRUNK\IOCPFW\IOCPFW\DEBUG\IOCPCONTEXT.OBJ
E:\WORKSPACE\GITREPO\TRUNK\TRUNK\IOCPFW\IOCPFW\DEBUG\IOCPFW.EXE.EMBED.MANIFEST
E:\WORKSPACE\GITREPO\TRUNK\TRUNK\IOCPFW\IOCPFW\DEBUG\IOCPFW.EXE.EMBED.MANIFEST.RES
E:\WORKSPACE\GITREPO\TRUNK\TRUNK\IOCPFW\IOCPFW\DEBUG\IOCPFW.EXE.INTERMEDIATE.MANIFEST
E:\WORKSPACE\GITREPO\TRUNK\TRUNK\IOCPFW\IOCPFW\DEBUG\IOCPFW.OBJ
E:\workspace\gitrepo\trunk\trunk\iocpfw\iocpfw\Debug\iocpfw.vcxprojResolveAssemblyReference.cache
E:\workspace\gitrepo\trunk\trunk\iocpfw\iocpfw\Debug\iocpfw.write.1.tlog
E:\workspace\gitrepo\trunk\trunk\iocpfw\iocpfw\Debug\iocpfw_manifest.rc
E:\WORKSPACE\GITREPO\TRUNK\TRUNK\IOCPFW\IOCPFW\DEBUG\IOCPTHREADMANAGER.OBJ
E:\WORKSPACE\GITREPO\TRUNK\TRUNK\IOCPFW\IOCPFW\DEBUG\IOTASKMANAGER.OBJ
E:\workspace\gitrepo\trunk\trunk\iocpfw\iocpfw\Debug\link.1660.read.1.tlog
E:\workspace\gitrepo\trunk\trunk\iocpfw\iocpfw\Debug\link.1660.write.1.tlog
E:\workspace\gitrepo\trunk\trunk\iocpfw\iocpfw\Debug\link.1660-cvtres.read.1.tlog
E:\workspace\gitrepo\trunk\trunk\iocpfw\iocpfw\Debug\link.1660-cvtres.write.1.tlog
E:\workspace\gitrepo\trunk\trunk\iocpfw\iocpfw\Debug\link.5684.read.1.tlog
E:\workspace\gitrepo\trunk\trunk\iocpfw\iocpfw\Debug\link.5684.write.1.tlog
E:\workspace\gitrepo\trunk\trunk\iocpfw\iocpfw\Debug\link.5684-cvtres.read.1.tlog
E:\workspace\gitrepo\trunk\trunk\iocpfw\iocpfw\Debug\link.5684-cvtres.write.1.tlog
E:\workspace\gitrepo\trunk\trunk\iocpfw\iocpfw\Debug\link.command.1.tlog
E:\workspace\gitrepo\trunk\trunk\iocpfw\iocpfw\Debug\link.read.1.tlog
E:\workspace\gitrepo\trunk\trunk\iocpfw\iocpfw\Debug\link.write.1.tlog
E:\workspace\gitrepo\trunk\trunk\iocpfw\iocpfw\Debug\link-cvtres.read.1.tlog
E:\workspace\gitrepo\trunk\trunk\iocpfw\iocpfw\Debug\link-cvtres.write.1.tlog
E:\workspace\gitrepo\trunk\trunk\iocpfw\iocpfw\Debug\mt.command.1.tlog
E:\workspace\gitrepo\trunk\trunk\iocpfw\iocpfw\Debug\mt.read.1.tlog
E:\workspace\gitrepo\trunk\trunk\iocpfw\iocpfw\Debug\mt.write.1.tlog
E:\WORKSPACE\GITREPO\TRUNK\TRUNK\IOCPFW\IOCPFW\DEBUG\RAWBUFFER.OBJ
E:\workspace\gitrepo\trunk\trunk\iocpfw\iocpfw\Debug\rc.command.1.tlog
E:\workspace\gitrepo\trunk\trunk\iocpfw\iocpfw\Debug\rc.read.1.tlog
E:\workspace\gitrepo\trunk\trunk\iocpfw\iocpfw\Debug\rc.write.1.tlog
E:\WORKSPACE\GITREPO\TRUNK\TRUNK\IOCPFW\IOCPFW\DEBUG\SELECTOR.OBJ
E:\WORKSPACE\GITREPO\TRUNK\TRUNK\IOCPFW\IOCPFW\DEBUG\SERIALPORT.OBJ
E:\WORKSPACE\GITREPO\TRUNK\TRUNK\IOCPFW\IOCPFW\DEBUG\SERVERTASK.OBJ
E:\WORKSPACE\GITREPO\TRUNK\TRUNK\IOCPFW\IOCPFW\DEBUG\SESSIONMANAGER.OBJ
E:\WORKSPACE\GITREPO\TRUNK\TRUNK\IOCPFW\IOCPFW\DEBUG\SOCKETCHANNEL.OBJ
E:\WORKSPACE\GITREPO\TRUNK\TRUNK\IOCPFW\IOCPFW\DEBUG\SOCKETCONTEXTMANAGER.OBJ
E:\WORKSPACE\GITREPO\TRUNK\TRUNK\IOCPFW\IOCPFW\DEBUG\STRINGBUFFER.OBJ
E:\WORKSPACE\GITREPO\TRUNK\TRUNK\IOCPFW\IOCPFW\DEBUG\SYNCOBJECTS.OBJ
E:\WORKSPACE\GITREPO\TRUNK\TRUNK\IOCPFW\IOCPFW\DEBUG\THREAD.OBJ
E:\WORKSPACE\GITREPO\TRUNK\TRUNK\IOCPFW\IOCPFW\DEBUG\THREADPOOL.OBJ
E:\WORKSPACE\GITREPO\TRUNK\TRUNK\IOCPFW\IOCPFW\DEBUG\TIMEWHEEL.OBJ
E:\workspace\gitrepo\trunk\trunk\iocpfw\iocpfw\Debug\vc100.idb
E:\WORKSPACE\GITREPO\TRUNK\TRUNK\IOCPFW\IOCPFW\DEBUG\VC100.PDB
